<?xml version="1.0" encoding="UTF-8"?>
<testng-results skipped="0" failed="0" ignored="0" total="2" passed="2">
  <reporter-output>
  </reporter-output>
  <suite name="New Suite" duration-ms="0" started-at="2023-08-10T05:05:58Z" finished-at="2023-08-10T05:05:58Z">
    <groups>
    </groups>
  </suite> <!-- New Suite -->
  <suite name="Google Suite" duration-ms="11531" started-at="2023-08-10T05:05:39Z" finished-at="2023-08-10T05:05:51Z">
    <groups>
    </groups>
    <test name="Google Test" duration-ms="11531" started-at="2023-08-10T05:05:39Z" finished-at="2023-08-10T05:05:51Z">
      <class name="a1_googletest.A1_SampleGoogle">
        <test-method status="PASS" signature="loginGoogletest()[pri:0, instance:a1_googletest.A1_SampleGoogle@2038ae61]" name="loginGoogletest" duration-ms="11502" started-at="2023-08-10T10:35:39Z" finished-at="2023-08-10T10:35:51Z">
          <reporter-output>
          </reporter-output>
        </test-method> <!-- loginGoogletest -->
      </class> <!-- a1_googletest.A1_SampleGoogle -->
    </test> <!-- Google Test -->
  </suite> <!-- Google Suite -->
  <suite name="Bing Suite" duration-ms="7031" started-at="2023-08-10T05:05:51Z" finished-at="2023-08-10T05:05:58Z">
    <groups>
    </groups>
    <test name="Bing Test" duration-ms="7031" started-at="2023-08-10T05:05:51Z" finished-at="2023-08-10T05:05:58Z">
      <class name="a2_bingTest.A1_SampleBing">
        <test-method status="PASS" signature="loginBingtest()[pri:0, instance:a2_bingTest.A1_SampleBing@2b2948e2]" name="loginBingtest" duration-ms="7030" started-at="2023-08-10T10:35:51Z" finished-at="2023-08-10T10:35:58Z">
          <reporter-output>
          </reporter-output>
        </test-method> <!-- loginBingtest -->
      </class> <!-- a2_bingTest.A1_SampleBing -->
    </test> <!-- Bing Test -->
  </suite> <!-- Bing Suite -->
</testng-results>
